{"/Users/bin.gurung/Desktop/untitled folder/Demo/Eduvanz/Assignment_RN/App.js": {"path":"/Users/bin.gurung/Desktop/untitled folder/Demo/Eduvanz/Assignment_RN/App.js","statementMap":{"0":{"start":{"line":11,"column":4},"end":{"line":11,"column":17}},"1":{"start":{"line":12,"column":4},"end":{"line":14,"column":6}},"2":{"start":{"line":18,"column":4},"end":{"line":22,"column":6}}},"fnMap":{"0":{"name":"(anonymous_0)","decl":{"start":{"line":10,"column":2},"end":{"line":10,"column":3}},"loc":{"start":{"line":10,"column":21},"end":{"line":15,"column":3}},"line":10},"1":{"name":"(anonymous_1)","decl":{"start":{"line":17,"column":2},"end":{"line":17,"column":3}},"loc":{"start":{"line":17,"column":11},"end":{"line":23,"column":3}},"line":17}},"branchMap":{},"s":{"0":0,"1":0,"2":0},"f":{"0":0,"1":0},"b":{},"hash":"14f73e92cd4667a6db1972623c07cf7e5b6b9ca0"}
,"/Users/bin.gurung/Desktop/untitled folder/Demo/Eduvanz/Assignment_RN/app/Container/AppStackNavigator.js": {"path":"/Users/bin.gurung/Desktop/untitled folder/Demo/Eduvanz/Assignment_RN/app/Container/AppStackNavigator.js","statementMap":{"0":{"start":{"line":9,"column":15},"end":{"line":9,"column":38}},"1":{"start":{"line":12,"column":4},"end":{"line":25,"column":6}}},"fnMap":{"0":{"name":"AppStackNavigator","decl":{"start":{"line":11,"column":9},"end":{"line":11,"column":26}},"loc":{"start":{"line":11,"column":40},"end":{"line":26,"column":1}},"line":11}},"branchMap":{},"s":{"0":0,"1":0},"f":{"0":0},"b":{},"hash":"e024f7982aabc4de32159041f4782fc2f335ae78"}
,"/Users/bin.gurung/Desktop/untitled folder/Demo/Eduvanz/Assignment_RN/app/Container/DetailModelScreen.js": {"path":"/Users/bin.gurung/Desktop/untitled folder/Demo/Eduvanz/Assignment_RN/app/Container/DetailModelScreen.js","statementMap":{"0":{"start":{"line":11,"column":26},"end":{"line":96,"column":1}},"1":{"start":{"line":13,"column":21},"end":{"line":13,"column":25}},"2":{"start":{"line":14,"column":29},"end":{"line":71,"column":5}},"3":{"start":{"line":15,"column":8},"end":{"line":70,"column":15}},"4":{"start":{"line":72,"column":4},"end":{"line":95,"column":6}},"5":{"start":{"line":86,"column":28},"end":{"line":86,"column":38}},"6":{"start":{"line":98,"column":15},"end":{"line":143,"column":2}}},"fnMap":{"0":{"name":"(anonymous_0)","decl":{"start":{"line":11,"column":26},"end":{"line":11,"column":27}},"loc":{"start":{"line":11,"column":49},"end":{"line":96,"column":1}},"line":11},"1":{"name":"(anonymous_1)","decl":{"start":{"line":14,"column":29},"end":{"line":14,"column":30}},"loc":{"start":{"line":15,"column":8},"end":{"line":70,"column":15}},"line":15},"2":{"name":"(anonymous_2)","decl":{"start":{"line":78,"column":32},"end":{"line":78,"column":33}},"loc":{"start":{"line":78,"column":38},"end":{"line":80,"column":17}},"line":78},"3":{"name":"(anonymous_3)","decl":{"start":{"line":85,"column":33},"end":{"line":85,"column":34}},"loc":{"start":{"line":85,"column":39},"end":{"line":87,"column":25}},"line":85}},"branchMap":{},"s":{"0":0,"1":0,"2":0,"3":0,"4":0,"5":0,"6":0},"f":{"0":0,"1":0,"2":0,"3":0},"b":{},"hash":"543ff4e9b999efd79c2dca46a2401173aee043b1"}
,"/Users/bin.gurung/Desktop/untitled folder/Demo/Eduvanz/Assignment_RN/app/Container/ListScreen.js": {"path":"/Users/bin.gurung/Desktop/untitled folder/Demo/Eduvanz/Assignment_RN/app/Container/ListScreen.js","statementMap":{"0":{"start":{"line":16,"column":25},"end":{"line":16,"column":27}},"1":{"start":{"line":17,"column":18},"end":{"line":17,"column":21}},"2":{"start":{"line":20,"column":8},"end":{"line":20,"column":21}},"3":{"start":{"line":21,"column":8},"end":{"line":28,"column":10}},"4":{"start":{"line":29,"column":8},"end":{"line":31,"column":10}},"5":{"start":{"line":32,"column":8},"end":{"line":35,"column":10}},"6":{"start":{"line":39,"column":8},"end":{"line":39,"column":50}},"7":{"start":{"line":42,"column":17},"end":{"line":53,"column":5}},"8":{"start":{"line":43,"column":22},"end":{"line":43,"column":113}},"9":{"start":{"line":44,"column":8},"end":{"line":52,"column":15}},"10":{"start":{"line":46,"column":16},"end":{"line":46,"column":33}},"11":{"start":{"line":47,"column":16},"end":{"line":47,"column":75}},"12":{"start":{"line":50,"column":16},"end":{"line":50,"column":75}},"13":{"start":{"line":51,"column":16},"end":{"line":51,"column":35}},"14":{"start":{"line":56,"column":8},"end":{"line":83,"column":10}},"15":{"start":{"line":73,"column":24},"end":{"line":79,"column":25}},"16":{"start":{"line":74,"column":28},"end":{"line":74,"column":109}},"17":{"start":{"line":76,"column":28},"end":{"line":78,"column":31}},"18":{"start":{"line":77,"column":32},"end":{"line":77,"column":54}},"19":{"start":{"line":86,"column":21},"end":{"line":110,"column":5}},"20":{"start":{"line":87,"column":36},"end":{"line":87,"column":46}},"21":{"start":{"line":88,"column":8},"end":{"line":109,"column":9}},"22":{"start":{"line":89,"column":12},"end":{"line":106,"column":14}},"23":{"start":{"line":95,"column":28},"end":{"line":100,"column":30}},"24":{"start":{"line":98,"column":36},"end":{"line":98,"column":95}},"25":{"start":{"line":102,"column":46},"end":{"line":102,"column":53}},"26":{"start":{"line":108,"column":12},"end":{"line":108,"column":164}},"27":{"start":{"line":112,"column":21},"end":{"line":117,"column":5}},"28":{"start":{"line":113,"column":8},"end":{"line":116,"column":10}},"29":{"start":{"line":115,"column":27},"end":{"line":115,"column":87}},"30":{"start":{"line":119,"column":16},"end":{"line":138,"column":5}},"31":{"start":{"line":120,"column":31},"end":{"line":120,"column":41}},"32":{"start":{"line":121,"column":24},"end":{"line":121,"column":26}},"33":{"start":{"line":122,"column":8},"end":{"line":135,"column":9}},"34":{"start":{"line":123,"column":29},"end":{"line":123,"column":31}},"35":{"start":{"line":124,"column":12},"end":{"line":129,"column":15}},"36":{"start":{"line":125,"column":16},"end":{"line":127,"column":17}},"37":{"start":{"line":126,"column":20},"end":{"line":126,"column":69}},"38":{"start":{"line":130,"column":12},"end":{"line":134,"column":14}},"39":{"start":{"line":131,"column":43},"end":{"line":131,"column":82}},"40":{"start":{"line":132,"column":16},"end":{"line":132,"column":69}},"41":{"start":{"line":133,"column":16},"end":{"line":133,"column":94}},"42":{"start":{"line":133,"column":40},"end":{"line":133,"column":94}},"43":{"start":{"line":136,"column":8},"end":{"line":136,"column":43}},"44":{"start":{"line":137,"column":8},"end":{"line":137,"column":25}},"45":{"start":{"line":141,"column":27},"end":{"line":141,"column":43}},"46":{"start":{"line":142,"column":28},"end":{"line":142,"column":58}},"47":{"start":{"line":143,"column":8},"end":{"line":179,"column":10}},"48":{"start":{"line":147,"column":39},"end":{"line":147,"column":73}},"49":{"start":{"line":155,"column":24},"end":{"line":173,"column":31}},"50":{"start":{"line":162,"column":36},"end":{"line":167,"column":38}},"51":{"start":{"line":165,"column":44},"end":{"line":165,"column":103}},"52":{"start":{"line":182,"column":15},"end":{"line":202,"column":2}},"53":{"start":{"line":205,"column":27},"end":{"line":205,"column":32}},"54":{"start":{"line":206,"column":4},"end":{"line":208,"column":6}}},"fnMap":{"0":{"name":"(anonymous_0)","decl":{"start":{"line":19,"column":4},"end":{"line":19,"column":5}},"loc":{"start":{"line":19,"column":23},"end":{"line":36,"column":5}},"line":19},"1":{"name":"(anonymous_1)","decl":{"start":{"line":38,"column":4},"end":{"line":38,"column":5}},"loc":{"start":{"line":38,"column":24},"end":{"line":40,"column":5}},"line":38},"2":{"name":"(anonymous_2)","decl":{"start":{"line":42,"column":17},"end":{"line":42,"column":18}},"loc":{"start":{"line":42,"column":27},"end":{"line":53,"column":5}},"line":42},"3":{"name":"(anonymous_3)","decl":{"start":{"line":45,"column":18},"end":{"line":45,"column":19}},"loc":{"start":{"line":45,"column":26},"end":{"line":48,"column":13}},"line":45},"4":{"name":"(anonymous_4)","decl":{"start":{"line":49,"column":19},"end":{"line":49,"column":20}},"loc":{"start":{"line":49,"column":28},"end":{"line":52,"column":13}},"line":49},"5":{"name":"(anonymous_5)","decl":{"start":{"line":55,"column":4},"end":{"line":55,"column":5}},"loc":{"start":{"line":55,"column":23},"end":{"line":84,"column":5}},"line":55},"6":{"name":"(anonymous_6)","decl":{"start":{"line":72,"column":34},"end":{"line":72,"column":35}},"loc":{"start":{"line":72,"column":42},"end":{"line":80,"column":21}},"line":72},"7":{"name":"(anonymous_7)","decl":{"start":{"line":76,"column":81},"end":{"line":76,"column":82}},"loc":{"start":{"line":76,"column":87},"end":{"line":78,"column":29}},"line":76},"8":{"name":"(anonymous_8)","decl":{"start":{"line":86,"column":21},"end":{"line":86,"column":22}},"loc":{"start":{"line":86,"column":27},"end":{"line":110,"column":5}},"line":86},"9":{"name":"(anonymous_9)","decl":{"start":{"line":94,"column":36},"end":{"line":94,"column":37}},"loc":{"start":{"line":95,"column":28},"end":{"line":100,"column":30}},"line":95},"10":{"name":"(anonymous_10)","decl":{"start":{"line":97,"column":41},"end":{"line":97,"column":42}},"loc":{"start":{"line":97,"column":49},"end":{"line":99,"column":33}},"line":97},"11":{"name":"(anonymous_11)","decl":{"start":{"line":102,"column":38},"end":{"line":102,"column":39}},"loc":{"start":{"line":102,"column":46},"end":{"line":102,"column":53}},"line":102},"12":{"name":"(anonymous_12)","decl":{"start":{"line":112,"column":21},"end":{"line":112,"column":22}},"loc":{"start":{"line":113,"column":8},"end":{"line":116,"column":10}},"line":113},"13":{"name":"(anonymous_13)","decl":{"start":{"line":115,"column":21},"end":{"line":115,"column":22}},"loc":{"start":{"line":115,"column":27},"end":{"line":115,"column":87}},"line":115},"14":{"name":"(anonymous_14)","decl":{"start":{"line":119,"column":16},"end":{"line":119,"column":17}},"loc":{"start":{"line":119,"column":22},"end":{"line":138,"column":5}},"line":119},"15":{"name":"(anonymous_15)","decl":{"start":{"line":124,"column":37},"end":{"line":124,"column":38}},"loc":{"start":{"line":124,"column":55},"end":{"line":129,"column":13}},"line":124},"16":{"name":"(anonymous_16)","decl":{"start":{"line":130,"column":27},"end":{"line":130,"column":28}},"loc":{"start":{"line":130,"column":34},"end":{"line":134,"column":13}},"line":130},"17":{"name":"(anonymous_17)","decl":{"start":{"line":140,"column":4},"end":{"line":140,"column":5}},"loc":{"start":{"line":140,"column":13},"end":{"line":180,"column":5}},"line":140},"18":{"name":"(anonymous_18)","decl":{"start":{"line":147,"column":33},"end":{"line":147,"column":34}},"loc":{"start":{"line":147,"column":39},"end":{"line":147,"column":73}},"line":147},"19":{"name":"(anonymous_19)","decl":{"start":{"line":154,"column":36},"end":{"line":154,"column":37}},"loc":{"start":{"line":155,"column":24},"end":{"line":173,"column":31}},"line":155},"20":{"name":"(anonymous_20)","decl":{"start":{"line":161,"column":44},"end":{"line":161,"column":45}},"loc":{"start":{"line":162,"column":36},"end":{"line":167,"column":38}},"line":162},"21":{"name":"(anonymous_21)","decl":{"start":{"line":164,"column":49},"end":{"line":164,"column":50}},"loc":{"start":{"line":164,"column":57},"end":{"line":166,"column":41}},"line":164},"22":{"name":"mapStateToProps","decl":{"start":{"line":204,"column":9},"end":{"line":204,"column":24}},"loc":{"start":{"line":204,"column":32},"end":{"line":209,"column":1}},"line":204}},"branchMap":{"0":{"loc":{"start":{"line":73,"column":24},"end":{"line":79,"column":25}},"type":"if","locations":[{"start":{"line":73,"column":24},"end":{"line":79,"column":25}},{"start":{"line":73,"column":24},"end":{"line":79,"column":25}}],"line":73},"1":{"loc":{"start":{"line":88,"column":8},"end":{"line":109,"column":9}},"type":"if","locations":[{"start":{"line":88,"column":8},"end":{"line":109,"column":9}},{"start":{"line":88,"column":8},"end":{"line":109,"column":9}}],"line":88},"2":{"loc":{"start":{"line":88,"column":12},"end":{"line":88,"column":57}},"type":"binary-expr","locations":[{"start":{"line":88,"column":12},"end":{"line":88,"column":27}},{"start":{"line":88,"column":31},"end":{"line":88,"column":57}}],"line":88},"3":{"loc":{"start":{"line":122,"column":8},"end":{"line":135,"column":9}},"type":"if","locations":[{"start":{"line":122,"column":8},"end":{"line":135,"column":9}},{"start":{"line":122,"column":8},"end":{"line":135,"column":9}}],"line":122},"4":{"loc":{"start":{"line":122,"column":12},"end":{"line":122,"column":73}},"type":"binary-expr","locations":[{"start":{"line":122,"column":12},"end":{"line":122,"column":22}},{"start":{"line":122,"column":26},"end":{"line":122,"column":42}},{"start":{"line":122,"column":46},"end":{"line":122,"column":73}}],"line":122},"5":{"loc":{"start":{"line":125,"column":16},"end":{"line":127,"column":17}},"type":"if","locations":[{"start":{"line":125,"column":16},"end":{"line":127,"column":17}},{"start":{"line":125,"column":16},"end":{"line":127,"column":17}}],"line":125},"6":{"loc":{"start":{"line":133,"column":16},"end":{"line":133,"column":94}},"type":"if","locations":[{"start":{"line":133,"column":16},"end":{"line":133,"column":94}},{"start":{"line":133,"column":16},"end":{"line":133,"column":94}}],"line":133},"7":{"loc":{"start":{"line":153,"column":21},"end":{"line":153,"column":93}},"type":"binary-expr","locations":[{"start":{"line":153,"column":21},"end":{"line":153,"column":41}},{"start":{"line":153,"column":45},"end":{"line":153,"column":93}}],"line":153},"8":{"loc":{"start":{"line":177,"column":17},"end":{"line":177,"column":67}},"type":"binary-expr","locations":[{"start":{"line":177,"column":17},"end":{"line":177,"column":42}},{"start":{"line":177,"column":46},"end":{"line":177,"column":67}}],"line":177},"9":{"loc":{"start":{"line":207,"column":20},"end":{"line":207,"column":72}},"type":"cond-expr","locations":[{"start":{"line":207,"column":52},"end":{"line":207,"column":67}},{"start":{"line":207,"column":70},"end":{"line":207,"column":72}}],"line":207},"10":{"loc":{"start":{"line":207,"column":20},"end":{"line":207,"column":49}},"type":"binary-expr","locations":[{"start":{"line":207,"column":20},"end":{"line":207,"column":30}},{"start":{"line":207,"column":34},"end":{"line":207,"column":49}}],"line":207}},"s":{"0":0,"1":0,"2":0,"3":0,"4":0,"5":0,"6":0,"7":0,"8":0,"9":0,"10":0,"11":0,"12":0,"13":0,"14":0,"15":0,"16":0,"17":0,"18":0,"19":0,"20":0,"21":0,"22":0,"23":0,"24":0,"25":0,"26":0,"27":0,"28":0,"29":0,"30":0,"31":0,"32":0,"33":0,"34":0,"35":0,"36":0,"37":0,"38":0,"39":0,"40":0,"41":0,"42":0,"43":0,"44":0,"45":0,"46":0,"47":0,"48":0,"49":0,"50":0,"51":0,"52":0,"53":0,"54":0},"f":{"0":0,"1":0,"2":0,"3":0,"4":0,"5":0,"6":0,"7":0,"8":0,"9":0,"10":0,"11":0,"12":0,"13":0,"14":0,"15":0,"16":0,"17":0,"18":0,"19":0,"20":0,"21":0,"22":0},"b":{"0":[0,0],"1":[0,0],"2":[0,0],"3":[0,0],"4":[0,0,0],"5":[0,0],"6":[0,0],"7":[0,0],"8":[0,0],"9":[0,0],"10":[0,0]},"hash":"beead78470b0c429361c1e7d30e38f87e7f3b244"}
,"/Users/bin.gurung/Desktop/untitled folder/Demo/Eduvanz/Assignment_RN/app/Container/Component/HamburgerMenu.js": {"path":"/Users/bin.gurung/Desktop/untitled folder/Demo/Eduvanz/Assignment_RN/app/Container/Component/HamburgerMenu.js","statementMap":{"0":{"start":{"line":7,"column":4},"end":{"line":13,"column":6}},"1":{"start":{"line":11,"column":93},"end":{"line":11,"column":106}}},"fnMap":{"0":{"name":"HamburgerMenu","decl":{"start":{"line":6,"column":24},"end":{"line":6,"column":37}},"loc":{"start":{"line":6,"column":68},"end":{"line":14,"column":1}},"line":6},"1":{"name":"(anonymous_1)","decl":{"start":{"line":11,"column":87},"end":{"line":11,"column":88}},"loc":{"start":{"line":11,"column":93},"end":{"line":11,"column":106}},"line":11}},"branchMap":{},"s":{"0":0,"1":0},"f":{"0":0,"1":0},"b":{},"hash":"c4349bdf6428785a9b2e03bb10cf3f093c5621b3"}
,"/Users/bin.gurung/Desktop/untitled folder/Demo/Eduvanz/Assignment_RN/app/Container/Component/HorizontalView.js": {"path":"/Users/bin.gurung/Desktop/untitled folder/Demo/Eduvanz/Assignment_RN/app/Container/Component/HorizontalView.js","statementMap":{"0":{"start":{"line":7,"column":8},"end":{"line":7,"column":21}},"1":{"start":{"line":8,"column":8},"end":{"line":10,"column":10}},"2":{"start":{"line":14,"column":8},"end":{"line":14,"column":51}},"3":{"start":{"line":15,"column":8},"end":{"line":17,"column":9}},"4":{"start":{"line":16,"column":12},"end":{"line":16,"column":48}},"5":{"start":{"line":21,"column":32},"end":{"line":21,"column":42}},"6":{"start":{"line":22,"column":25},"end":{"line":22,"column":35}},"7":{"start":{"line":23,"column":8},"end":{"line":36,"column":10}},"8":{"start":{"line":40,"column":8},"end":{"line":42,"column":9}},"9":{"start":{"line":41,"column":12},"end":{"line":41,"column":47}},"10":{"start":{"line":53,"column":12},"end":{"line":53,"column":22}},"11":{"start":{"line":54,"column":8},"end":{"line":78,"column":10}},"12":{"start":{"line":57,"column":38},"end":{"line":57,"column":62}},"13":{"start":{"line":82,"column":31},"end":{"line":109,"column":2}}},"fnMap":{"0":{"name":"(anonymous_0)","decl":{"start":{"line":6,"column":4},"end":{"line":6,"column":5}},"loc":{"start":{"line":6,"column":23},"end":{"line":11,"column":5}},"line":6},"1":{"name":"(anonymous_1)","decl":{"start":{"line":13,"column":4},"end":{"line":13,"column":5}},"loc":{"start":{"line":13,"column":29},"end":{"line":18,"column":5}},"line":13},"2":{"name":"(anonymous_2)","decl":{"start":{"line":20,"column":4},"end":{"line":20,"column":5}},"loc":{"start":{"line":20,"column":20},"end":{"line":37,"column":5}},"line":20},"3":{"name":"(anonymous_3)","decl":{"start":{"line":39,"column":4},"end":{"line":39,"column":5}},"loc":{"start":{"line":39,"column":32},"end":{"line":43,"column":5}},"line":39},"4":{"name":"(anonymous_4)","decl":{"start":{"line":45,"column":4},"end":{"line":45,"column":5}},"loc":{"start":{"line":45,"column":13},"end":{"line":79,"column":5}},"line":45},"5":{"name":"(anonymous_5)","decl":{"start":{"line":57,"column":25},"end":{"line":57,"column":26}},"loc":{"start":{"line":57,"column":38},"end":{"line":57,"column":62}},"line":57}},"branchMap":{"0":{"loc":{"start":{"line":15,"column":8},"end":{"line":17,"column":9}},"type":"if","locations":[{"start":{"line":15,"column":8},"end":{"line":17,"column":9}},{"start":{"line":15,"column":8},"end":{"line":17,"column":9}}],"line":15},"1":{"loc":{"start":{"line":40,"column":8},"end":{"line":42,"column":9}},"type":"if","locations":[{"start":{"line":40,"column":8},"end":{"line":42,"column":9}},{"start":{"line":40,"column":8},"end":{"line":42,"column":9}}],"line":40},"2":{"loc":{"start":{"line":76,"column":17},"end":{"line":76,"column":58}},"type":"binary-expr","locations":[{"start":{"line":76,"column":17},"end":{"line":76,"column":34}},{"start":{"line":76,"column":38},"end":{"line":76,"column":58}}],"line":76}},"s":{"0":0,"1":0,"2":0,"3":0,"4":0,"5":0,"6":0,"7":0,"8":0,"9":0,"10":0,"11":0,"12":0,"13":0},"f":{"0":0,"1":0,"2":0,"3":0,"4":0,"5":0},"b":{"0":[0,0],"1":[0,0],"2":[0,0]},"hash":"eb187ce2ad8c0eb545705e61734032eecb512a2e"}
,"/Users/bin.gurung/Desktop/untitled folder/Demo/Eduvanz/Assignment_RN/app/Container/Component/ListCell.js": {"path":"/Users/bin.gurung/Desktop/untitled folder/Demo/Eduvanz/Assignment_RN/app/Container/Component/ListCell.js","statementMap":{"0":{"start":{"line":5,"column":2},"end":{"line":5,"column":31}},"1":{"start":{"line":6,"column":2},"end":{"line":33,"column":4}},"2":{"start":{"line":7,"column":39},"end":{"line":7,"column":52}},"3":{"start":{"line":36,"column":15},"end":{"line":55,"column":2}}},"fnMap":{"0":{"name":"ListCell","decl":{"start":{"line":4,"column":24},"end":{"line":4,"column":32}},"loc":{"start":{"line":4,"column":52},"end":{"line":34,"column":1}},"line":4},"1":{"name":"(anonymous_1)","decl":{"start":{"line":7,"column":33},"end":{"line":7,"column":34}},"loc":{"start":{"line":7,"column":39},"end":{"line":7,"column":52}},"line":7}},"branchMap":{},"s":{"0":0,"1":0,"2":0,"3":0},"f":{"0":0,"1":0},"b":{},"hash":"4c35cf9d38c91059cce420955f871279562be8b3"}
,"/Users/bin.gurung/Desktop/untitled folder/Demo/Eduvanz/Assignment_RN/app/Redux/store.js": {"path":"/Users/bin.gurung/Desktop/untitled folder/Demo/Eduvanz/Assignment_RN/app/Redux/store.js","statementMap":{"0":{"start":{"line":7,"column":20},"end":{"line":7,"column":42}},"1":{"start":{"line":9,"column":0},"end":{"line":12,"column":1}},"2":{"start":{"line":10,"column":21},"end":{"line":10,"column":44}},"3":{"start":{"line":11,"column":2},"end":{"line":11,"column":27}},"4":{"start":{"line":14,"column":14},"end":{"line":18,"column":1}}},"fnMap":{},"branchMap":{"0":{"loc":{"start":{"line":9,"column":0},"end":{"line":12,"column":1}},"type":"if","locations":[{"start":{"line":9,"column":0},"end":{"line":12,"column":1}},{"start":{"line":9,"column":0},"end":{"line":12,"column":1}}],"line":9}},"s":{"0":0,"1":0,"2":0,"3":0,"4":0},"f":{},"b":{"0":[0,0]},"hash":"06eedc9208578f84ce0779c56b448aeb1db135fd"}
,"/Users/bin.gurung/Desktop/untitled folder/Demo/Eduvanz/Assignment_RN/app/Redux/Actions/api_action.js": {"path":"/Users/bin.gurung/Desktop/untitled folder/Demo/Eduvanz/Assignment_RN/app/Redux/Actions/api_action.js","statementMap":{"0":{"start":{"line":3,"column":24},"end":{"line":6,"column":2}},"1":{"start":{"line":3,"column":34},"end":{"line":6,"column":1}},"2":{"start":{"line":8,"column":22},"end":{"line":11,"column":2}},"3":{"start":{"line":8,"column":32},"end":{"line":11,"column":1}},"4":{"start":{"line":13,"column":28},"end":{"line":18,"column":2}},"5":{"start":{"line":13,"column":36},"end":{"line":18,"column":1}},"6":{"start":{"line":20,"column":24},"end":{"line":23,"column":2}},"7":{"start":{"line":20,"column":34},"end":{"line":23,"column":1}}},"fnMap":{"0":{"name":"(anonymous_0)","decl":{"start":{"line":3,"column":24},"end":{"line":3,"column":25}},"loc":{"start":{"line":3,"column":34},"end":{"line":6,"column":1}},"line":3},"1":{"name":"(anonymous_1)","decl":{"start":{"line":8,"column":22},"end":{"line":8,"column":23}},"loc":{"start":{"line":8,"column":32},"end":{"line":11,"column":1}},"line":8},"2":{"name":"(anonymous_2)","decl":{"start":{"line":13,"column":28},"end":{"line":13,"column":29}},"loc":{"start":{"line":13,"column":36},"end":{"line":18,"column":1}},"line":13},"3":{"name":"(anonymous_3)","decl":{"start":{"line":20,"column":24},"end":{"line":20,"column":25}},"loc":{"start":{"line":20,"column":34},"end":{"line":23,"column":1}},"line":20}},"branchMap":{},"s":{"0":0,"1":0,"2":0,"3":0,"4":0,"5":0,"6":0,"7":0},"f":{"0":0,"1":0,"2":0,"3":0},"b":{},"hash":"e69a10cedda1a363915440ba173f566ac4edb1fa"}
,"/Users/bin.gurung/Desktop/untitled folder/Demo/Eduvanz/Assignment_RN/app/Redux/Actions/fetch_action.js": {"path":"/Users/bin.gurung/Desktop/untitled folder/Demo/Eduvanz/Assignment_RN/app/Redux/Actions/fetch_action.js","statementMap":{"0":{"start":{"line":6,"column":16},"end":{"line":6,"column":25}},"1":{"start":{"line":8,"column":28},"end":{"line":11,"column":2}},"2":{"start":{"line":8,"column":55},"end":{"line":11,"column":1}},"3":{"start":{"line":13,"column":28},"end":{"line":16,"column":2}},"4":{"start":{"line":13,"column":52},"end":{"line":16,"column":1}},"5":{"start":{"line":18,"column":28},"end":{"line":43,"column":1}},"6":{"start":{"line":18,"column":43},"end":{"line":43,"column":1}},"7":{"start":{"line":19,"column":2},"end":{"line":21,"column":3}},"8":{"start":{"line":20,"column":4},"end":{"line":20,"column":16}},"9":{"start":{"line":22,"column":26},"end":{"line":22,"column":50}},"10":{"start":{"line":27,"column":6},"end":{"line":27,"column":21}},"11":{"start":{"line":28,"column":2},"end":{"line":28,"column":43}},"12":{"start":{"line":30,"column":2},"end":{"line":42,"column":5}},"13":{"start":{"line":35,"column":29},"end":{"line":35,"column":70}},"14":{"start":{"line":36,"column":26},"end":{"line":36,"column":64}}},"fnMap":{"0":{"name":"(anonymous_0)","decl":{"start":{"line":8,"column":28},"end":{"line":8,"column":29}},"loc":{"start":{"line":8,"column":55},"end":{"line":11,"column":1}},"line":8},"1":{"name":"(anonymous_1)","decl":{"start":{"line":13,"column":28},"end":{"line":13,"column":29}},"loc":{"start":{"line":13,"column":52},"end":{"line":16,"column":1}},"line":13},"2":{"name":"(anonymous_2)","decl":{"start":{"line":18,"column":28},"end":{"line":18,"column":29}},"loc":{"start":{"line":18,"column":43},"end":{"line":43,"column":1}},"line":18},"3":{"name":"(anonymous_3)","decl":{"start":{"line":18,"column":43},"end":{"line":18,"column":44}},"loc":{"start":{"line":18,"column":67},"end":{"line":43,"column":1}},"line":18},"4":{"name":"(anonymous_4)","decl":{"start":{"line":35,"column":17},"end":{"line":35,"column":18}},"loc":{"start":{"line":35,"column":29},"end":{"line":35,"column":70}},"line":35},"5":{"name":"(anonymous_5)","decl":{"start":{"line":36,"column":17},"end":{"line":36,"column":18}},"loc":{"start":{"line":36,"column":26},"end":{"line":36,"column":64}},"line":36}},"branchMap":{"0":{"loc":{"start":{"line":19,"column":2},"end":{"line":21,"column":3}},"type":"if","locations":[{"start":{"line":19,"column":2},"end":{"line":21,"column":3}},{"start":{"line":19,"column":2},"end":{"line":21,"column":3}}],"line":19}},"s":{"0":0,"1":0,"2":0,"3":0,"4":0,"5":0,"6":0,"7":0,"8":0,"9":0,"10":0,"11":0,"12":0,"13":0,"14":0},"f":{"0":0,"1":0,"2":0,"3":0,"4":0,"5":0},"b":{"0":[0,0]},"hash":"e99d7bbd1be0098c093987f9b39378a851db8c25"}
,"/Users/bin.gurung/Desktop/untitled folder/Demo/Eduvanz/Assignment_RN/app/Redux/Actions/Helper/apiKeys.js": {"path":"/Users/bin.gurung/Desktop/untitled folder/Demo/Eduvanz/Assignment_RN/app/Redux/Actions/Helper/apiKeys.js","statementMap":{"0":{"start":{"line":1,"column":23},"end":{"line":3,"column":1}}},"fnMap":{},"branchMap":{},"s":{"0":0},"f":{},"b":{},"hash":"75350f389a95f79cc50e625ed09ee22b0d7dd63f"}
,"/Users/bin.gurung/Desktop/untitled folder/Demo/Eduvanz/Assignment_RN/app/Redux/Actions/Helper/routes.js": {"path":"/Users/bin.gurung/Desktop/untitled folder/Demo/Eduvanz/Assignment_RN/app/Redux/Actions/Helper/routes.js","statementMap":{"0":{"start":{"line":3,"column":29},"end":{"line":11,"column":1}},"1":{"start":{"line":4,"column":2},"end":{"line":10,"column":3}},"2":{"start":{"line":6,"column":6},"end":{"line":6,"column":18}},"3":{"start":{"line":9,"column":6},"end":{"line":9,"column":72}},"4":{"start":{"line":13,"column":30},"end":{"line":19,"column":1}},"5":{"start":{"line":14,"column":18},"end":{"line":17,"column":3}},"6":{"start":{"line":18,"column":2},"end":{"line":18,"column":17}}},"fnMap":{"0":{"name":"(anonymous_0)","decl":{"start":{"line":3,"column":29},"end":{"line":3,"column":30}},"loc":{"start":{"line":3,"column":47},"end":{"line":11,"column":1}},"line":3},"1":{"name":"(anonymous_1)","decl":{"start":{"line":13,"column":30},"end":{"line":13,"column":31}},"loc":{"start":{"line":13,"column":36},"end":{"line":19,"column":1}},"line":13}},"branchMap":{"0":{"loc":{"start":{"line":4,"column":2},"end":{"line":10,"column":3}},"type":"switch","locations":[{"start":{"line":5,"column":4},"end":{"line":7,"column":5}},{"start":{"line":8,"column":4},"end":{"line":9,"column":72}}],"line":4}},"s":{"0":0,"1":0,"2":0,"3":0,"4":0,"5":0,"6":0},"f":{"0":0,"1":0},"b":{"0":[0,0]},"hash":"b592bf53cf587ad85718ea43dd58e068e3c5d85f"}
,"/Users/bin.gurung/Desktop/untitled folder/Demo/Eduvanz/Assignment_RN/app/Redux/Actions/Helper/types.js": {"path":"/Users/bin.gurung/Desktop/untitled folder/Demo/Eduvanz/Assignment_RN/app/Redux/Actions/Helper/types.js","statementMap":{"0":{"start":{"line":1,"column":27},"end":{"line":3,"column":1}},"1":{"start":{"line":5,"column":31},"end":{"line":11,"column":1}}},"fnMap":{},"branchMap":{},"s":{"0":0,"1":0},"f":{},"b":{},"hash":"b4ffd35afec032e416c58785afc12124bb89fc9a"}
,"/Users/bin.gurung/Desktop/untitled folder/Demo/Eduvanz/Assignment_RN/app/Redux/Reducers/album_list.js": {"path":"/Users/bin.gurung/Desktop/untitled folder/Demo/Eduvanz/Assignment_RN/app/Redux/Reducers/album_list.js","statementMap":{"0":{"start":{"line":6,"column":4},"end":{"line":6,"column":23}},"1":{"start":{"line":7,"column":28},"end":{"line":7,"column":66}},"2":{"start":{"line":8,"column":4},"end":{"line":10,"column":5}},"3":{"start":{"line":9,"column":8},"end":{"line":9,"column":20}},"4":{"start":{"line":15,"column":8},"end":{"line":15,"column":23}},"5":{"start":{"line":16,"column":4},"end":{"line":52,"column":5}},"6":{"start":{"line":18,"column":23},"end":{"line":18,"column":27}},"7":{"start":{"line":19,"column":12},"end":{"line":21,"column":13}},"8":{"start":{"line":20,"column":16},"end":{"line":20,"column":34}},"9":{"start":{"line":22,"column":12},"end":{"line":27,"column":14}},"10":{"start":{"line":28,"column":12},"end":{"line":28,"column":18}},"11":{"start":{"line":31,"column":12},"end":{"line":36,"column":14}},"12":{"start":{"line":37,"column":12},"end":{"line":37,"column":18}},"13":{"start":{"line":40,"column":33},"end":{"line":40,"column":47}},"14":{"start":{"line":41,"column":12},"end":{"line":46,"column":14}},"15":{"start":{"line":47,"column":12},"end":{"line":47,"column":18}},"16":{"start":{"line":50,"column":12},"end":{"line":50,"column":29}},"17":{"start":{"line":51,"column":12},"end":{"line":51,"column":18}},"18":{"start":{"line":53,"column":4},"end":{"line":53,"column":20}}},"fnMap":{"0":{"name":"(anonymous_0)","decl":{"start":{"line":4,"column":15},"end":{"line":4,"column":16}},"loc":{"start":{"line":4,"column":88},"end":{"line":54,"column":1}},"line":4}},"branchMap":{"0":{"loc":{"start":{"line":4,"column":25},"end":{"line":4,"column":78}},"type":"default-arg","locations":[{"start":{"line":4,"column":33},"end":{"line":4,"column":78}}],"line":4},"1":{"loc":{"start":{"line":8,"column":4},"end":{"line":10,"column":5}},"type":"if","locations":[{"start":{"line":8,"column":4},"end":{"line":10,"column":5}},{"start":{"line":8,"column":4},"end":{"line":10,"column":5}}],"line":8},"2":{"loc":{"start":{"line":16,"column":4},"end":{"line":52,"column":5}},"type":"switch","locations":[{"start":{"line":17,"column":8},"end":{"line":29,"column":9}},{"start":{"line":30,"column":8},"end":{"line":38,"column":9}},{"start":{"line":39,"column":8},"end":{"line":48,"column":9}},{"start":{"line":49,"column":8},"end":{"line":51,"column":18}}],"line":16},"3":{"loc":{"start":{"line":19,"column":12},"end":{"line":21,"column":13}},"type":"if","locations":[{"start":{"line":19,"column":12},"end":{"line":21,"column":13}},{"start":{"line":19,"column":12},"end":{"line":21,"column":13}}],"line":19},"4":{"loc":{"start":{"line":19,"column":16},"end":{"line":19,"column":35}},"type":"binary-expr","locations":[{"start":{"line":19,"column":16},"end":{"line":19,"column":21}},{"start":{"line":19,"column":25},"end":{"line":19,"column":35}}],"line":19}},"s":{"0":0,"1":0,"2":0,"3":0,"4":0,"5":0,"6":0,"7":0,"8":0,"9":0,"10":0,"11":0,"12":0,"13":0,"14":0,"15":0,"16":0,"17":0,"18":0},"f":{"0":0},"b":{"0":[0],"1":[0,0],"2":[0,0,0,0],"3":[0,0],"4":[0,0]},"hash":"5407dd7e65e9946d72d1d3b4129fff52043e7f11"}
,"/Users/bin.gurung/Desktop/untitled folder/Demo/Eduvanz/Assignment_RN/app/Redux/Reducers/api_reducer.js": {"path":"/Users/bin.gurung/Desktop/untitled folder/Demo/Eduvanz/Assignment_RN/app/Redux/Reducers/api_reducer.js","statementMap":{"0":{"start":{"line":4,"column":2},"end":{"line":12,"column":3}},"1":{"start":{"line":9,"column":6},"end":{"line":9,"column":36}},"2":{"start":{"line":11,"column":6},"end":{"line":11,"column":19}}},"fnMap":{"0":{"name":"(anonymous_0)","decl":{"start":{"line":3,"column":15},"end":{"line":3,"column":16}},"loc":{"start":{"line":3,"column":44},"end":{"line":13,"column":1}},"line":3}},"branchMap":{"0":{"loc":{"start":{"line":3,"column":24},"end":{"line":3,"column":34}},"type":"default-arg","locations":[{"start":{"line":3,"column":32},"end":{"line":3,"column":34}}],"line":3},"1":{"loc":{"start":{"line":4,"column":2},"end":{"line":12,"column":3}},"type":"switch","locations":[{"start":{"line":5,"column":4},"end":{"line":5,"column":35}},{"start":{"line":6,"column":4},"end":{"line":6,"column":33}},{"start":{"line":7,"column":4},"end":{"line":7,"column":39}},{"start":{"line":8,"column":4},"end":{"line":9,"column":36}},{"start":{"line":10,"column":4},"end":{"line":11,"column":19}}],"line":4}},"s":{"0":0,"1":0,"2":0},"f":{"0":0},"b":{"0":[0],"1":[0,0,0,0,0]},"hash":"b2834792e36fdb962bdf3c74c782dd09f064a577"}
,"/Users/bin.gurung/Desktop/untitled folder/Demo/Eduvanz/Assignment_RN/app/Redux/Selectors/getAlbums.js": {"path":"/Users/bin.gurung/Desktop/untitled folder/Demo/Eduvanz/Assignment_RN/app/Redux/Selectors/getAlbums.js","statementMap":{"0":{"start":{"line":1,"column":32},"end":{"line":11,"column":1}},"1":{"start":{"line":2,"column":4},"end":{"line":9,"column":5}},"2":{"start":{"line":3,"column":23},"end":{"line":7,"column":10}},"3":{"start":{"line":5,"column":12},"end":{"line":6,"column":29}},"4":{"start":{"line":5,"column":56},"end":{"line":5,"column":68}},"5":{"start":{"line":6,"column":17},"end":{"line":6,"column":29}},"6":{"start":{"line":8,"column":8},"end":{"line":8,"column":22}},"7":{"start":{"line":10,"column":4},"end":{"line":10,"column":14}}},"fnMap":{"0":{"name":"(anonymous_0)","decl":{"start":{"line":1,"column":32},"end":{"line":1,"column":33}},"loc":{"start":{"line":1,"column":47},"end":{"line":11,"column":1}},"line":1},"1":{"name":"(anonymous_1)","decl":{"start":{"line":3,"column":35},"end":{"line":3,"column":36}},"loc":{"start":{"line":3,"column":43},"end":{"line":7,"column":9}},"line":3}},"branchMap":{"0":{"loc":{"start":{"line":2,"column":4},"end":{"line":9,"column":5}},"type":"if","locations":[{"start":{"line":2,"column":4},"end":{"line":9,"column":5}},{"start":{"line":2,"column":4},"end":{"line":9,"column":5}}],"line":2},"1":{"loc":{"start":{"line":5,"column":12},"end":{"line":6,"column":29}},"type":"if","locations":[{"start":{"line":5,"column":12},"end":{"line":6,"column":29}},{"start":{"line":5,"column":12},"end":{"line":6,"column":29}}],"line":5}},"s":{"0":0,"1":0,"2":0,"3":0,"4":0,"5":0,"6":0,"7":0},"f":{"0":0,"1":0},"b":{"0":[0,0],"1":[0,0]},"hash":"8f8e9fe957d0d7646ba4c9b0f1506e4d90c6f161"}
,"/Users/bin.gurung/Desktop/untitled folder/Demo/Eduvanz/Assignment_RN/app/Redux/middleware/api.js": {"path":"/Users/bin.gurung/Desktop/untitled folder/Demo/Eduvanz/Assignment_RN/app/Redux/middleware/api.js","statementMap":{"0":{"start":{"line":8,"column":0},"end":{"line":9,"column":47}},"1":{"start":{"line":11,"column":22},"end":{"line":67,"column":1}},"2":{"start":{"line":11,"column":40},"end":{"line":67,"column":1}},"3":{"start":{"line":11,"column":48},"end":{"line":67,"column":1}},"4":{"start":{"line":12,"column":2},"end":{"line":12,"column":15}},"5":{"start":{"line":14,"column":2},"end":{"line":16,"column":3}},"6":{"start":{"line":15,"column":4},"end":{"line":15,"column":11}},"7":{"start":{"line":27,"column":6},"end":{"line":27,"column":20}},"8":{"start":{"line":28,"column":23},"end":{"line":28,"column":77}},"9":{"start":{"line":30,"column":2},"end":{"line":32,"column":3}},"10":{"start":{"line":31,"column":4},"end":{"line":31,"column":30}},"11":{"start":{"line":33,"column":2},"end":{"line":66,"column":7}},"12":{"start":{"line":41,"column":6},"end":{"line":49,"column":7}},"13":{"start":{"line":45,"column":8},"end":{"line":45,"column":37}},"14":{"start":{"line":46,"column":8},"end":{"line":46,"column":38}},"15":{"start":{"line":48,"column":8},"end":{"line":48,"column":38}},"16":{"start":{"line":52,"column":6},"end":{"line":52,"column":32}},"17":{"start":{"line":53,"column":6},"end":{"line":53,"column":33}},"18":{"start":{"line":55,"column":6},"end":{"line":60,"column":7}},"19":{"start":{"line":59,"column":8},"end":{"line":59,"column":57}},"20":{"start":{"line":63,"column":6},"end":{"line":65,"column":7}},"21":{"start":{"line":64,"column":8},"end":{"line":64,"column":32}}},"fnMap":{"0":{"name":"(anonymous_0)","decl":{"start":{"line":11,"column":22},"end":{"line":11,"column":23}},"loc":{"start":{"line":11,"column":40},"end":{"line":67,"column":1}},"line":11},"1":{"name":"(anonymous_1)","decl":{"start":{"line":11,"column":40},"end":{"line":11,"column":41}},"loc":{"start":{"line":11,"column":48},"end":{"line":67,"column":1}},"line":11},"2":{"name":"(anonymous_2)","decl":{"start":{"line":11,"column":48},"end":{"line":11,"column":49}},"loc":{"start":{"line":11,"column":58},"end":{"line":67,"column":1}},"line":11},"3":{"name":"(anonymous_3)","decl":{"start":{"line":40,"column":10},"end":{"line":40,"column":11}},"loc":{"start":{"line":40,"column":22},"end":{"line":50,"column":5}},"line":40},"4":{"name":"(anonymous_4)","decl":{"start":{"line":51,"column":11},"end":{"line":51,"column":12}},"loc":{"start":{"line":51,"column":20},"end":{"line":61,"column":5}},"line":51},"5":{"name":"(anonymous_5)","decl":{"start":{"line":62,"column":13},"end":{"line":62,"column":14}},"loc":{"start":{"line":62,"column":19},"end":{"line":66,"column":5}},"line":62}},"branchMap":{"0":{"loc":{"start":{"line":9,"column":2},"end":{"line":9,"column":46}},"type":"cond-expr","locations":[{"start":{"line":9,"column":26},"end":{"line":9,"column":34}},{"start":{"line":9,"column":37},"end":{"line":9,"column":46}}],"line":9},"1":{"loc":{"start":{"line":14,"column":2},"end":{"line":16,"column":3}},"type":"if","locations":[{"start":{"line":14,"column":2},"end":{"line":16,"column":3}},{"start":{"line":14,"column":2},"end":{"line":16,"column":3}}],"line":14},"2":{"loc":{"start":{"line":25,"column":4},"end":{"line":25,"column":18}},"type":"default-arg","locations":[{"start":{"line":25,"column":13},"end":{"line":25,"column":18}}],"line":25},"3":{"loc":{"start":{"line":26,"column":4},"end":{"line":26,"column":23}},"type":"default-arg","locations":[{"start":{"line":26,"column":14},"end":{"line":26,"column":23}}],"line":26},"4":{"loc":{"start":{"line":28,"column":23},"end":{"line":28,"column":77}},"type":"cond-expr","locations":[{"start":{"line":28,"column":60},"end":{"line":28,"column":68}},{"start":{"line":28,"column":71},"end":{"line":28,"column":77}}],"line":28},"5":{"loc":{"start":{"line":30,"column":2},"end":{"line":32,"column":3}},"type":"if","locations":[{"start":{"line":30,"column":2},"end":{"line":32,"column":3}},{"start":{"line":30,"column":2},"end":{"line":32,"column":3}}],"line":30},"6":{"loc":{"start":{"line":41,"column":6},"end":{"line":49,"column":7}},"type":"if","locations":[{"start":{"line":41,"column":6},"end":{"line":49,"column":7}},{"start":{"line":41,"column":6},"end":{"line":49,"column":7}}],"line":41},"7":{"loc":{"start":{"line":42,"column":8},"end":{"line":43,"column":51}},"type":"binary-expr","locations":[{"start":{"line":42,"column":8},"end":{"line":42,"column":49}},{"start":{"line":43,"column":8},"end":{"line":43,"column":51}}],"line":42},"8":{"loc":{"start":{"line":55,"column":6},"end":{"line":60,"column":7}},"type":"if","locations":[{"start":{"line":55,"column":6},"end":{"line":60,"column":7}},{"start":{"line":55,"column":6},"end":{"line":60,"column":7}}],"line":55},"9":{"loc":{"start":{"line":56,"column":8},"end":{"line":57,"column":58}},"type":"binary-expr","locations":[{"start":{"line":56,"column":8},"end":{"line":56,"column":22}},{"start":{"line":57,"column":8},"end":{"line":57,"column":58}}],"line":56},"10":{"loc":{"start":{"line":63,"column":6},"end":{"line":65,"column":7}},"type":"if","locations":[{"start":{"line":63,"column":6},"end":{"line":65,"column":7}},{"start":{"line":63,"column":6},"end":{"line":65,"column":7}}],"line":63}},"s":{"0":0,"1":0,"2":0,"3":0,"4":0,"5":0,"6":0,"7":0,"8":0,"9":0,"10":0,"11":0,"12":0,"13":0,"14":0,"15":0,"16":0,"17":0,"18":0,"19":0,"20":0,"21":0},"f":{"0":0,"1":0,"2":0,"3":0,"4":0,"5":0},"b":{"0":[0,0],"1":[0,0],"2":[0],"3":[0],"4":[0,0],"5":[0,0],"6":[0,0],"7":[0,0],"8":[0,0],"9":[0,0],"10":[0,0]},"hash":"66b4ac47b534024498db37b75b3b8834ce3abb9a"}
,"/Users/bin.gurung/Desktop/untitled folder/Demo/Eduvanz/Assignment_RN/app/Redux/middleware/errorCodes.js": {"path":"/Users/bin.gurung/Desktop/untitled folder/Demo/Eduvanz/Assignment_RN/app/Redux/middleware/errorCodes.js","statementMap":{"0":{"start":{"line":1,"column":26},"end":{"line":8,"column":1}}},"fnMap":{},"branchMap":{},"s":{"0":0},"f":{},"b":{},"hash":"e7df53518d6de7c3655d39b6539012223b929b82"}
,"/Users/bin.gurung/Desktop/untitled folder/Demo/Eduvanz/Assignment_RN/app/Utilities/DeviceUtils.js": {"path":"/Users/bin.gurung/Desktop/untitled folder/Demo/Eduvanz/Assignment_RN/app/Utilities/DeviceUtils.js","statementMap":{"0":{"start":{"line":3,"column":36},"end":{"line":8,"column":1}},"1":{"start":{"line":4,"column":21},"end":{"line":4,"column":45}},"2":{"start":{"line":5,"column":26},"end":{"line":5,"column":36}},"3":{"start":{"line":7,"column":2},"end":{"line":7,"column":64}},"4":{"start":{"line":10,"column":31},"end":{"line":17,"column":1}},"5":{"start":{"line":11,"column":2},"end":{"line":15,"column":3}},"6":{"start":{"line":12,"column":4},"end":{"line":12,"column":13}},"7":{"start":{"line":13,"column":9},"end":{"line":15,"column":3}},"8":{"start":{"line":14,"column":4},"end":{"line":14,"column":14}},"9":{"start":{"line":16,"column":2},"end":{"line":16,"column":12}}},"fnMap":{"0":{"name":"(anonymous_0)","decl":{"start":{"line":3,"column":36},"end":{"line":3,"column":37}},"loc":{"start":{"line":3,"column":42},"end":{"line":8,"column":1}},"line":3},"1":{"name":"(anonymous_1)","decl":{"start":{"line":10,"column":31},"end":{"line":10,"column":32}},"loc":{"start":{"line":10,"column":37},"end":{"line":17,"column":1}},"line":10}},"branchMap":{"0":{"loc":{"start":{"line":7,"column":9},"end":{"line":7,"column":63}},"type":"binary-expr","locations":[{"start":{"line":7,"column":9},"end":{"line":7,"column":30}},{"start":{"line":7,"column":35},"end":{"line":7,"column":47}},{"start":{"line":7,"column":51},"end":{"line":7,"column":62}}],"line":7},"1":{"loc":{"start":{"line":11,"column":2},"end":{"line":15,"column":3}},"type":"if","locations":[{"start":{"line":11,"column":2},"end":{"line":15,"column":3}},{"start":{"line":11,"column":2},"end":{"line":15,"column":3}}],"line":11},"2":{"loc":{"start":{"line":13,"column":9},"end":{"line":15,"column":3}},"type":"if","locations":[{"start":{"line":13,"column":9},"end":{"line":15,"column":3}},{"start":{"line":13,"column":9},"end":{"line":15,"column":3}}],"line":13}},"s":{"0":0,"1":0,"2":0,"3":0,"4":0,"5":0,"6":0,"7":0,"8":0,"9":0},"f":{"0":0,"1":0},"b":{"0":[0,0,0],"1":[0,0],"2":[0,0]},"hash":"b9af7de3d5abddaf77c3e905977254843dd363c0"}
}
